1 [2011-Nov-10 16:24:54.220332] [0015CCC8] [trace] Запуск сервера сбора данных.
2 [2011-Nov-10 16:24:54.985932] [0015CCC8] [trace] OPC-сервера создан.
3 [2011-Nov-10 16:24:59.376417] [0015CCC8] [trace] Канал Modbus RTU создан.
1 [2011-Nov-10 16:29:17.633777] [0015CCC8] [trace] Запуск сервера сбора данных.
2 [2011-Nov-10 16:29:18.602496] [0015CCC8] [trace] OPC-сервера создан.
3 [2011-Nov-10 16:29:23.024230] [0015CCC8] [trace] Канал Modbus RTU создан.
1 [2011-Nov-10 16:30:06.507213] [0015CCC8] [trace] Запуск сервера сбора данных.
2 [2011-Nov-10 16:30:07.429059] [0015CCC8] [trace] OPC-сервера создан.
3 [2011-Nov-10 16:30:12.522646] [0015CCC8] [trace] Канал Modbus RTU создан.
4 [2011-Nov-10 16:30:50.849544] [0015CCC8] [trace] Канал Modbus RTU создан.
5 [2011-Nov-10 16:30:50.880793] [0015CCC8] [warning] File not exist channel_info/modbus_rtu/PS30_P2_35
6 [2011-Nov-10 16:30:50.912042] [001573E8] [trace] ChannelOPC::Connect
7 [2011-Nov-10 16:30:50.990165] [001573E8] [trace] ChannelOPC::AddItems
8 [2011-Nov-10 16:30:51.005789] [001573E8] [trace] Канал PromAutoOPC Добавлено 2 тегов.
9 [2011-Nov-10 16:30:57.646202] [0015CCC8] [trace] Канал Modbus RTU удалён.
10 [2011-Nov-10 16:30:57.661826] [0015CCC8] [trace] Канал Modbus RTU удалён.
11 [2011-Nov-10 16:30:57.786822] [001573E8] [trace] ChannelOPC::Disconnect
12 [2011-Nov-10 16:30:59.364897] [0015CCC8] [trace] OPC-сервера удалён.
13 [2011-Nov-10 16:31:11.692627] [0015CCC8] [trace] Остановка сервера сбора данных.
1 [2011-Nov-10 16:39:46.785519] [0015CCC8] [trace] Запуск сервера сбора данных.
2 [2011-Nov-10 16:39:47.707364] [0015CCC8] [trace] OPC-сервера создан.
3 [2011-Nov-10 16:39:52.332216] [0015CCC8] [trace] Канал Modbus RTU создан.
4 [2011-Nov-10 16:39:52.582208] [0015CCC8] [trace] Канал Modbus RTU создан.
5 [2011-Nov-10 16:39:52.597833] [0015CCC8] [warning] File not exist channel_info/modbus_rtu/PS30_P2_35
6 [2011-Nov-10 16:39:52.613457] [00192298] [trace] ChannelOPC::Connect
7 [2011-Nov-10 16:39:52.691580] [00192298] [trace] ChannelOPC::AddItems
8 [2011-Nov-10 16:39:52.707204] [00192298] [trace] Канал PromAutoOPC Добавлено 2 тегов.
9 [2011-Nov-10 16:40:53.986493] [0015CCC8] [trace] Канал Modbus RTU удалён.
10 [2011-Nov-10 16:40:54.002118] [0015CCC8] [trace] Канал Modbus RTU удалён.
11 [2011-Nov-10 16:40:54.330232] [00192298] [trace] ChannelOPC::Disconnect
12 [2011-Nov-10 16:40:56.111425] [0015CCC8] [trace] OPC-сервера удалён.
13 [2011-Nov-10 16:41:08.345409] [0015CCC8] [trace] Остановка сервера сбора данных.
1 [2011-Nov-10 16:42:45.779791] [0015CCC8] [trace] Запуск сервера сбора данных.
2 [2011-Nov-10 16:42:46.701636] [0015CCC8] [trace] OPC-сервера создан.
3 [2011-Nov-10 16:42:51.170243] [0015CCC8] [trace] Канал Modbus RTU создан.
4 [2011-Nov-10 16:42:51.388986] [0015CCC8] [trace] Канал Modbus RTU создан.
5 [2011-Nov-10 16:42:51.420235] [0015CCC8] [warning] File not exist channel_info/modbus_rtu/PS30_P2_35
6 [2011-Nov-10 16:42:51.435860] [00192298] [trace] ChannelOPC::Connect
7 [2011-Nov-10 16:42:51.498358] [00192298] [trace] ChannelOPC::AddItems
8 [2011-Nov-10 16:42:51.513982] [00192298] [trace] Канал PromAutoOPC Добавлено 2 тегов.
9 [2011-Nov-10 16:43:14.997606] [0015CCC8] [trace] Канал Modbus RTU удалён.
10 [2011-Nov-10 16:43:14.997606] [0015CCC8] [trace] Канал Modbus RTU удалён.
11 [2011-Nov-10 16:43:15.169475] [00192298] [trace] ChannelOPC::Disconnect
12 [2011-Nov-10 16:43:16.950668] [0015CCC8] [trace] OPC-сервера удалён.
13 [2011-Nov-10 16:43:29.419019] [0015CCC8] [trace] Остановка сервера сбора данных.
1 [2011-Nov-10 16:44:05.183500] [0015CCC8] [trace] Запуск сервера сбора данных.
2 [2011-Nov-10 16:44:06.152219] [0015CCC8] [trace] OPC-сервера создан.
3 [2011-Nov-10 16:44:10.605201] [0015CCC8] [trace] Канал Modbus RTU создан.
4 [2011-Nov-10 16:44:10.855193] [0015CCC8] [trace] Канал Modbus RTU создан.
5 [2011-Nov-10 16:44:10.886442] [0015CCC8] [warning] File not exist channel_info/modbus_rtu/PS30_P2_35
6 [2011-Nov-10 16:44:10.886442] [001922A8] [trace] ChannelOPC::Connect
7 [2011-Nov-10 16:44:10.948940] [001922A8] [trace] ChannelOPC::AddItems
8 [2011-Nov-10 16:44:10.964565] [001922A8] [trace] Канал PromAutoOPC Добавлено 2 тегов.
9 [2011-Nov-10 16:45:42.399139] [0015CCC8] [trace] Канал Modbus RTU удалён.
10 [2011-Nov-10 16:45:42.414763] [0015CCC8] [trace] Канал Modbus RTU удалён.
11 [2011-Nov-10 16:45:42.586633] [001922A8] [trace] ChannelOPC::Disconnect
12 [2011-Nov-10 16:45:44.352201] [0015CCC8] [trace] OPC-сервера удалён.
13 [2011-Nov-10 16:45:56.711181] [0015CCC8] [trace] Остановка сервера сбора данных.
1 [2011-Nov-10 16:47:20.739742] [0015CCC8] [trace] Запуск сервера сбора данных.
2 [2011-Nov-10 16:47:21.645963] [0015CCC8] [trace] OPC-сервера создан.
3 [2011-Nov-10 16:47:26.036447] [0015CCC8] [trace] Канал Modbus RTU создан.
4 [2011-Nov-10 16:47:26.286439] [0015CCC8] [trace] Канал Modbus RTU создан.
5 [2011-Nov-10 16:47:26.317688] [0015CCC8] [warning] File not exist channel_info/modbus_rtu/PS30_P2_35
6 [2011-Nov-10 16:47:26.333313] [00192298] [trace] ChannelOPC::Connect
7 [2011-Nov-10 16:47:26.380186] [00192298] [trace] ChannelOPC::AddItems
8 [2011-Nov-10 16:47:26.395811] [00192298] [trace] Канал PromAutoOPC Добавлено 2 тегов.
9 [2011-Nov-10 16:47:29.583209] [0015CCC8] [trace] Канал Modbus RTU удалён.
10 [2011-Nov-10 16:47:29.598833] [0015CCC8] [trace] Канал Modbus RTU удалён.
11 [2011-Nov-10 16:47:30.005070] [00192298] [trace] ChannelOPC::Disconnect
12 [2011-Nov-10 16:47:31.755014] [0015CCC8] [trace] OPC-сервера удалён.
13 [2011-Nov-10 16:47:32.270623] [0015CCC8] [trace] Остановка сервера сбора данных.
1 [2011-Nov-10 16:48:01.644683] [0015CCC8] [trace] Запуск сервера сбора данных.
2 [2011-Nov-10 16:48:02.597777] [0015CCC8] [trace] OPC-сервера создан.
3 [2011-Nov-10 16:48:07.066384] [0015CCC8] [trace] Канал Modbus RTU создан.
4 [2011-Nov-10 16:48:07.300752] [0015CCC8] [trace] Канал Modbus RTU создан.
5 [2011-Nov-10 16:48:07.300752] [0015CCC8] [warning] File not exist channel_info/modbus_rtu/PS30_P2_35
6 [2011-Nov-10 16:48:07.332001] [00192298] [trace] ChannelOPC::Connect
7 [2011-Nov-10 16:48:07.378874] [00192298] [trace] ChannelOPC::AddItems
8 [2011-Nov-10 16:48:07.394499] [00192298] [trace] Канал PromAutoOPC Добавлено 2 тегов.
9 [2011-Nov-10 16:48:13.550552] [0015CCC8] [trace] Канал Modbus RTU удалён.
10 [2011-Nov-10 16:48:13.550552] [0015CCC8] [trace] Канал Modbus RTU удалён.
11 [2011-Nov-10 16:48:14.050536] [00192298] [trace] ChannelOPC::Disconnect
12 [2011-Nov-10 16:48:15.784855] [0015CCC8] [trace] OPC-сервера удалён.
13 [2011-Nov-10 16:48:28.065712] [0015CCC8] [trace] Остановка сервера сбора данных.
1 [2011-Nov-10 16:53:39.024511] [0015CCC8] [trace] Запуск сервера сбора данных.
2 [2011-Nov-10 16:53:39.821361] [0015CCC8] [trace] OPC-сервера создан.
3 [2011-Nov-10 16:53:44.243094] [0015CCC8] [trace] Канал Modbus RTU создан.
4 [2011-Nov-10 16:53:44.539960] [0015CCC8] [trace] Канал Modbus RTU создан.
5 [2011-Nov-10 16:53:44.539960] [0015CCC8] [warning] File not exist channel_info/modbus_rtu/PS30_P2_35
6 [2011-Nov-10 16:53:44.539960] [001922A8] [trace] ChannelOPC::Connect
7 [2011-Nov-10 16:53:44.602458] [001922A8] [trace] ChannelOPC::AddItems
8 [2011-Nov-10 16:53:44.618082] [001922A8] [trace] Канал PromAutoOPC Добавлено 2 тегов.
9 [2011-Nov-10 16:54:57.678244] [0015CCC8] [trace] Канал Modbus RTU удалён.
10 [2011-Nov-10 16:54:57.678244] [0015CCC8] [trace] Канал Modbus RTU удалён.
11 [2011-Nov-10 16:54:58.240726] [001922A8] [trace] ChannelOPC::Disconnect
12 [2011-Nov-10 16:55:00.006295] [0015CCC8] [trace] OPC-сервера удалён.
13 [2011-Nov-10 16:55:12.334025] [0015CCC8] [trace] Остановка сервера сбора данных.
1 [2011-Nov-10 16:55:43.864266] [0015CCC8] [trace] Запуск сервера сбора данных.
2 [2011-Nov-10 16:55:44.754863] [0015CCC8] [trace] OPC-сервера создан.
3 [2011-Nov-10 16:55:49.145347] [0015CCC8] [trace] Канал Modbus RTU создан.
4 [2011-Nov-10 16:55:49.504711] [0015CCC8] [trace] Канал Modbus RTU создан.
5 [2011-Nov-10 16:55:49.520335] [0015CCC8] [warning] File not exist channel_info/modbus_rtu/PS30_P2_35
6 [2011-Nov-10 16:55:49.535960] [00192298] [trace] ChannelOPC::Connect
7 [2011-Nov-10 16:55:49.598458] [00192298] [trace] ChannelOPC::AddItems
8 [2011-Nov-10 16:55:49.614082] [00192298] [trace] Канал PromAutoOPC Добавлено 2 тегов.
9 [2011-Nov-10 17:03:17.396628] [0015CCC8] [trace] Канал Modbus RTU удалён.
10 [2011-Nov-10 17:03:17.396628] [0015CCC8] [trace] Канал Modbus RTU удалён.
11 [2011-Nov-10 17:03:17.646620] [00192298] [trace] ChannelOPC::Disconnect
12 [2011-Nov-10 17:03:20.021544] [0015CCC8] [trace] OPC-сервера удалён.
13 [2011-Nov-10 17:03:32.427397] [0015CCC8] [trace] Остановка сервера сбора данных.
1 [2011-Nov-10 17:03:53.879835] [0015CCC8] [trace] Запуск сервера сбора данных.
2 [2011-Nov-10 17:03:54.692309] [0015CCC8] [trace] OPC-сервера создан.
3 [2011-Nov-10 17:03:59.098418] [0015CCC8] [trace] Канал Modbus RTU создан.
4 [2011-Nov-10 17:03:59.395284] [0015CCC8] [trace] Канал Modbus RTU создан.
5 [2011-Nov-10 17:03:59.395284] [0015CCC8] [warning] File not exist channel_info/modbus_rtu/PS30_P2_35
6 [2011-Nov-10 17:03:59.410908] [001922A0] [trace] ChannelOPC::Connect
7 [2011-Nov-10 17:03:59.457782] [001922A0] [trace] ChannelOPC::AddItems
8 [2011-Nov-10 17:03:59.489031] [001922A0] [warning] Канал PromAutoOPC Тег [01AEB10GS101XG01] на сервере не найден. Ошибка: -1 073 479 673
9 [2011-Nov-10 17:03:59.504655] [001922A0] [trace] Канал PromAutoOPC Добавлено 2 тегов.
10 [2011-Nov-10 17:04:06.488807] [0015CCC8] [trace] Канал Modbus RTU удалён.
11 [2011-Nov-10 17:04:06.504431] [0015CCC8] [trace] Канал Modbus RTU удалён.
12 [2011-Nov-10 17:04:06.613803] [001922A0] [trace] ChannelOPC::Disconnect
13 [2011-Nov-10 17:04:08.848106] [0015CCC8] [trace] OPC-сервера удалён.
14 [2011-Nov-10 17:04:21.191461] [0015CCC8] [trace] Остановка сервера сбора данных.
1 [2011-Nov-10 17:04:27.722502] [0015CCC8] [trace] Запуск сервера сбора данных.
2 [2011-Nov-10 17:04:28.534976] [0015CCC8] [trace] OPC-сервера создан.
3 [2011-Nov-10 17:04:32.956710] [0015CCC8] [trace] Канал Modbus RTU создан.
4 [2011-Nov-10 17:04:33.253575] [0015CCC8] [trace] Канал Modbus RTU создан.
5 [2011-Nov-10 17:04:33.253575] [0015CCC8] [warning] File not exist channel_info/modbus_rtu/PS30_P2_35
6 [2011-Nov-10 17:04:33.269200] [001922A8] [trace] ChannelOPC::Connect
7 [2011-Nov-10 17:04:34.175421] [001922A8] [trace] ChannelOPC::AddItems
8 [2011-Nov-10 17:04:34.175421] [001922A8] [warning] Канал PromAutoOPC Тег [01AEB10GS101XG01] на сервере не найден. Ошибка: -1 073 479 673
9 [2011-Nov-10 17:04:34.191045] [001922A8] [trace] Канал PromAutoOPC Добавлено 2 тегов.
10 [2011-Nov-10 17:04:41.065825] [0015CCC8] [trace] Канал Modbus RTU удалён.
11 [2011-Nov-10 17:04:41.081450] [0015CCC8] [trace] Канал Modbus RTU удалён.
12 [2011-Nov-10 17:04:41.456438] [001922A8] [trace] ChannelOPC::Disconnect
13 [2011-Nov-10 17:04:43.596994] [0015CCC8] [trace] OPC-сервера удалён.
14 [2011-Nov-10 17:04:56.174717] [0015CCC8] [trace] Остановка сервера сбора данных.
1 [2011-Nov-10 17:05:15.627219] [0015CCC8] [trace] Запуск сервера сбора данных.
2 [2011-Nov-10 17:05:16.424069] [0015CCC8] [trace] OPC-сервера создан.
3 [2011-Nov-10 17:05:20.830178] [0015CCC8] [trace] Канал Modbus RTU создан.
4 [2011-Nov-10 17:05:21.111419] [0015CCC8] [trace] Канал Modbus RTU создан.
5 [2011-Nov-10 17:05:21.111419] [0015CCC8] [warning] File not exist channel_info/modbus_rtu/PS30_P2_35
6 [2011-Nov-10 17:05:21.127043] [00192298] [trace] ChannelOPC::Connect
7 [2011-Nov-10 17:05:21.173917] [00192298] [trace] ChannelOPC::AddItems
8 [2011-Nov-10 17:05:21.189541] [00192298] [trace] Канал PromAutoOPC Добавлено 3 тегов.
9 [2011-Nov-14 08:37:10.588133] [0015CCC8] [trace] Канал Modbus RTU удалён.
10 [2011-Nov-14 08:37:10.588133] [0015CCC8] [trace] Канал Modbus RTU удалён.
11 [2011-Nov-14 08:37:11.025619] [00192298] [trace] ChannelOPC::Disconnect
12 [2011-Nov-14 08:37:13.338045] [0015CCC8] [trace] OPC-сервера удалён.
13 [2011-Nov-14 08:37:25.775147] [0015CCC8] [trace] Остановка сервера сбора данных.
1 [2011-Nov-14 08:37:29.759394] [0015CCC8] [trace] Запуск сервера сбора данных.
2 [2011-Nov-14 08:37:30.556244] [0015CCC8] [trace] OPC-сервера создан.
3 [2011-Nov-14 08:37:35.056100] [0015CCC8] [trace] Канал Modbus RTU создан.
4 [2011-Nov-14 08:37:35.337341] [0015CCC8] [trace] Канал Modbus RTU создан.
5 [2011-Nov-14 08:37:35.352965] [0015CCC8] [warning] File not exist channel_info/modbus_rtu/PS30_P2_35
6 [2011-Nov-14 08:37:35.352965] [00192280] [trace] ChannelOPC::Connect
7 [2011-Nov-14 08:37:35.399839] [00192280] [trace] ChannelOPC::AddItems
8 [2011-Nov-14 08:37:35.415463] [00192280] [trace] Канал PromAutoOPC Добавлено 3 тегов.
9 [2011-Nov-14 08:42:46.655503] [0015CCC8] [trace] Канал Modbus RTU удалён.
10 [2011-Nov-14 08:42:46.655503] [0015CCC8] [trace] Канал Modbus RTU удалён.
11 [2011-Nov-14 08:42:47.077365] [00192280] [trace] ChannelOPC::Disconnect
12 [2011-Nov-14 08:42:48.811684] [0015CCC8] [trace] OPC-сервера удалён.
13 [2011-Nov-14 08:43:01.420656] [0015CCC8] [trace] Остановка сервера сбора данных.
1 [2011-Nov-14 09:18:55.635722] [0015CCC8] [trace] Запуск сервера сбора данных.
2 [2011-Nov-14 09:18:56.588591] [0015CCC8] [trace] OPC-сервера создан.
3 [2011-Nov-14 09:19:01.259210] [0015CCC8] [trace] Канал Modbus RTU создан.
4 [2011-Nov-14 09:19:01.571626] [0015CCC8] [trace] Канал Modbus RTU создан.
5 [2011-Nov-14 09:19:01.618488] [0015CCC8] [warning] File not exist channel_info/modbus_rtu/PS30_P2_35
6 [2011-Nov-14 09:19:01.634109] [00192298] [trace] ChannelOPC::Connect
7 [2011-Nov-14 09:19:06.492178] [00192298] [trace] ChannelOPC::AddItems
8 [2011-Nov-14 09:19:06.539040] [00192298] [trace] Канал PromAutoOPC Добавлено 3 тегов.
9 [2011-Nov-14 09:20:28.267066] [0015CCC8] [trace] Канал Modbus RTU удалён.
10 [2011-Nov-14 09:20:28.267066] [0015CCC8] [trace] Канал Modbus RTU удалён.
11 [2011-Nov-14 09:20:28.704448] [00192298] [trace] ChannelOPC::Disconnect
12 [2011-Nov-14 09:20:30.938223] [0015CCC8] [trace] OPC-сервера удалён.
13 [2011-Nov-14 09:20:42.200819] [0015CCC8] [trace] Остановка сервера сбора данных.
1 [2011-Nov-14 09:22:29.250162] [0015CCC8] [trace] Запуск сервера сбора данных.
2 [2011-Nov-14 09:22:30.156168] [0015CCC8] [trace] OPC-сервера создан.
3 [2011-Nov-14 09:22:34.529992] [0015CCC8] [trace] Канал Modbus RTU создан.
4 [2011-Nov-14 09:22:34.858029] [0015CCC8] [trace] Канал Modbus RTU создан.
5 [2011-Nov-14 09:22:34.889271] [0015CCC8] [warning] File not exist channel_info/modbus_rtu/PS30_P2_35
6 [2011-Nov-14 09:22:34.904891] [001922A8] [trace] ChannelOPC::Connect
7 [2011-Nov-14 09:22:34.951754] [001922A8] [trace] ChannelOPC::AddItems
8 [2011-Nov-14 09:22:34.967375] [001922A8] [trace] Канал PromAutoOPC Добавлено 3 тегов.
9 [2011-Nov-14 09:22:43.012087] [0015CCC8] [trace] Канал Modbus RTU удалён.
10 [2011-Nov-14 09:22:43.012087] [0015CCC8] [trace] Канал Modbus RTU удалён.
11 [2011-Nov-14 09:22:43.511952] [001922A8] [trace] ChannelOPC::Disconnect
12 [2011-Nov-14 09:22:45.370827] [0015CCC8] [trace] OPC-сервера удалён.
13 [2011-Nov-14 09:22:45.792589] [0015CCC8] [trace] Остановка сервера сбора данных.
1 [2011-Nov-14 09:23:23.301847] [0015CCC8] [trace] Запуск сервера сбора данных.
2 [2011-Nov-14 09:23:24.286109] [0015CCC8] [trace] OPC-сервера создан.
3 [2011-Nov-14 09:23:28.816837] [0015CCC8] [trace] Канал Modbus RTU создан.
4 [2011-Nov-14 09:23:29.129301] [0015CCC8] [trace] Канал Modbus RTU создан.
5 [2011-Nov-14 09:23:29.160547] [0015CCC8] [warning] File not exist channel_info/modbus_rtu/PS30_P2_35
6 [2011-Nov-14 09:23:29.191794] [00192280] [trace] ChannelOPC::Connect
7 [2011-Nov-14 09:23:29.269910] [00192280] [trace] ChannelOPC::AddItems
8 [2011-Nov-14 09:23:29.285533] [00192280] [trace] Канал PromAutoOPC Добавлено 3 тегов.
9 [2011-Nov-14 09:23:35.894147] [0015CCC8] [trace] Канал Modbus RTU удалён.
10 [2011-Nov-14 09:23:35.894147] [0015CCC8] [trace] Канал Modbus RTU удалён.
11 [2011-Nov-14 09:23:36.284727] [00192280] [trace] ChannelOPC::Disconnect
12 [2011-Nov-14 09:23:38.628207] [0015CCC8] [trace] OPC-сервера удалён.
13 [2011-Nov-14 09:23:51.158013] [0015CCC8] [trace] Остановка сервера сбора данных.
1 [2011-Nov-14 09:24:31.950188] [0015CCC8] [trace] Запуск сервера сбора данных.
2 [2011-Nov-14 09:24:32.887580] [0015CCC8] [trace] OPC-сервера создан.
3 [2011-Nov-14 09:24:37.402685] [0015CCC8] [trace] Канал Modbus RTU создан.
4 [2011-Nov-14 09:24:37.762019] [0015CCC8] [trace] Канал Modbus RTU создан.
5 [2011-Nov-14 09:24:37.793265] [0015CCC8] [warning] File not exist channel_info/modbus_rtu/PS30_P2_35
6 [2011-Nov-14 09:24:37.808888] [001922A0] [trace] ChannelOPC::Connect
7 [2011-Nov-14 09:24:37.855758] [001922A0] [trace] ChannelOPC::AddItems
8 [2011-Nov-14 09:24:37.871381] [001922A0] [trace] Канал PromAutoOPC Добавлено 3 тегов.
9 [2011-Nov-14 09:25:37.600598] [0015CCC8] [trace] Канал Modbus RTU удалён.
10 [2011-Nov-14 09:25:37.600598] [0015CCC8] [trace] Канал Modbus RTU удалён.
11 [2011-Nov-14 09:25:37.866206] [001922A0] [trace] ChannelOPC::Disconnect
12 [2011-Nov-14 09:25:40.225430] [0015CCC8] [trace] OPC-сервера удалён.
13 [2011-Nov-14 09:25:52.990238] [0015CCC8] [trace] Остановка сервера сбора данных.
1 [2011-Nov-14 10:11:49.786151] [0015CCC8] [trace] Запуск сервера сбора данных.
2 [2011-Nov-14 10:11:50.692378] [0015CCC8] [trace] OPC-сервера создан.
3 [2011-Nov-14 10:11:55.036017] [0015CCC8] [trace] Канал Modbus RTU создан.
4 [2011-Nov-14 10:11:55.348509] [0015CCC8] [trace] Канал Modbus RTU создан.
5 [2011-Nov-14 10:11:55.395383] [0015CCC8] [warning] File not exist channel_info/modbus_rtu/PS30_P2_35
6 [2011-Nov-14 10:11:55.411007] [001922A0] [trace] ChannelOPC::Connect
7 [2011-Nov-14 10:11:55.457881] [001922A0] [trace] ChannelOPC::AddItems
8 [2011-Nov-14 10:11:55.473506] [001922A0] [trace] Канал PromAutoOPC Добавлено 3 тегов.
9 [2011-Nov-14 10:12:32.160067] [0015CCC8] [trace] Канал Modbus RTU удалён.
10 [2011-Nov-14 10:12:32.160067] [0015CCC8] [trace] Канал Modbus RTU удалён.
11 [2011-Nov-14 10:12:32.519432] [001922A0] [trace] ChannelOPC::Disconnect
12 [2011-Nov-14 10:12:34.800624] [0015CCC8] [trace] OPC-сервера удалён.
13 [2011-Nov-14 10:12:46.815941] [0015CCC8] [trace] Остановка сервера сбора данных.
